<?xml version="1.0" encoding="UTF-8"?>
<!-- Generated by org.testng.reporters.JUnitXMLReporter -->
<testsuite ignored="0" hostname="Ashutosh" failures="4" tests="4" name="Regression1" time="0.29" errors="0" timestamp="2022-02-11T11:19:06 IST">
  <testcase classname="com.hrms.testscripts.TC001" name="tc001" time="0.186">
    <failure type="java.lang.Error" message="Unresolved compilation problems: 
	Type mismatch: cannot convert from java.lang.String to org.apache.xpath.operations.String
	Type mismatch: cannot convert from java.lang.String to org.apache.xpath.operations.String
	Type mismatch: cannot convert from java.lang.String to org.apache.xpath.operations.String
	Type mismatch: cannot convert from java.lang.String to org.apache.xpath.operations.String
	Type mismatch: cannot convert from java.lang.String to org.apache.xpath.operations.String
	Type mismatch: cannot convert from java.lang.String to org.apache.xpath.operations.String
	Type mismatch: cannot convert from java.lang.String to org.apache.xpath.operations.String
	Type mismatch: cannot convert from java.lang.String to org.apache.xpath.operations.String
	Type mismatch: cannot convert from java.lang.String to org.apache.xpath.operations.String
	Type mismatch: cannot convert from java.lang.String to org.apache.xpath.operations.String
	Type mismatch: cannot convert from java.lang.String to org.apache.xpath.operations.String
	Type mismatch: cannot convert from java.lang.String to org.apache.xpath.operations.String
	Type mismatch: cannot convert from java.lang.String to org.apache.xpath.operations.String
	Type mismatch: cannot convert from java.lang.String to org.apache.xpath.operations.String
	Type mismatch: cannot convert from java.lang.String to org.apache.xpath.operations.String
	Type mismatch: cannot convert from java.lang.String to org.apache.xpath.operations.String
	Type mismatch: cannot convert from java.lang.String to org.apache.xpath.operations.String
	Type mismatch: cannot convert from java.lang.String to org.apache.xpath.operations.String
">
      <![CDATA[java.lang.Error: Unresolved compilation problems: 
Type mismatch: cannot convert from java.lang.String to org.apache.xpath.operations.String
Type mismatch: cannot convert from java.lang.String to org.apache.xpath.operations.String
Type mismatch: cannot convert from java.lang.String to org.apache.xpath.operations.String
Type mismatch: cannot convert from java.lang.String to org.apache.xpath.operations.String
Type mismatch: cannot convert from java.lang.String to org.apache.xpath.operations.String
Type mismatch: cannot convert from java.lang.String to org.apache.xpath.operations.String
Type mismatch: cannot convert from java.lang.String to org.apache.xpath.operations.String
Type mismatch: cannot convert from java.lang.String to org.apache.xpath.operations.String
Type mismatch: cannot convert from java.lang.String to org.apache.xpath.operations.String
Type mismatch: cannot convert from java.lang.String to org.apache.xpath.operations.String
Type mismatch: cannot convert from java.lang.String to org.apache.xpath.operations.String
Type mismatch: cannot convert from java.lang.String to org.apache.xpath.operations.String
Type mismatch: cannot convert from java.lang.String to org.apache.xpath.operations.String
Type mismatch: cannot convert from java.lang.String to org.apache.xpath.operations.String
Type mismatch: cannot convert from java.lang.String to org.apache.xpath.operations.String
Type mismatch: cannot convert from java.lang.String to org.apache.xpath.operations.String
Type mismatch: cannot convert from java.lang.String to org.apache.xpath.operations.String
Type mismatch: cannot convert from java.lang.String to org.apache.xpath.operations.String

at com.hrms.lib.Global.<init>(Global.java:18)
at com.hrms.lib.General.<init>(General.java:16)
at com.hrms.testscripts.TC001.tc001(TC001.java:14)
at java.base/java.util.ArrayList.forEach(ArrayList.java:1541)
... Removed 27 stack frames]]>
    </failure>
  </testcase> <!-- tc001 -->
  <testcase classname="com.hrms.testscripts.TC002" name="tc002" time="0.021">
    <failure type="java.lang.Error" message="Unresolved compilation problems: 
	Type mismatch: cannot convert from java.lang.String to org.apache.xpath.operations.String
	Type mismatch: cannot convert from java.lang.String to org.apache.xpath.operations.String
	Type mismatch: cannot convert from java.lang.String to org.apache.xpath.operations.String
	Type mismatch: cannot convert from java.lang.String to org.apache.xpath.operations.String
	Type mismatch: cannot convert from java.lang.String to org.apache.xpath.operations.String
	Type mismatch: cannot convert from java.lang.String to org.apache.xpath.operations.String
	Type mismatch: cannot convert from java.lang.String to org.apache.xpath.operations.String
	Type mismatch: cannot convert from java.lang.String to org.apache.xpath.operations.String
	Type mismatch: cannot convert from java.lang.String to org.apache.xpath.operations.String
	Type mismatch: cannot convert from java.lang.String to org.apache.xpath.operations.String
	Type mismatch: cannot convert from java.lang.String to org.apache.xpath.operations.String
	Type mismatch: cannot convert from java.lang.String to org.apache.xpath.operations.String
	Type mismatch: cannot convert from java.lang.String to org.apache.xpath.operations.String
	Type mismatch: cannot convert from java.lang.String to org.apache.xpath.operations.String
	Type mismatch: cannot convert from java.lang.String to org.apache.xpath.operations.String
	Type mismatch: cannot convert from java.lang.String to org.apache.xpath.operations.String
	Type mismatch: cannot convert from java.lang.String to org.apache.xpath.operations.String
	Type mismatch: cannot convert from java.lang.String to org.apache.xpath.operations.String
">
      <![CDATA[java.lang.Error: Unresolved compilation problems: 
Type mismatch: cannot convert from java.lang.String to org.apache.xpath.operations.String
Type mismatch: cannot convert from java.lang.String to org.apache.xpath.operations.String
Type mismatch: cannot convert from java.lang.String to org.apache.xpath.operations.String
Type mismatch: cannot convert from java.lang.String to org.apache.xpath.operations.String
Type mismatch: cannot convert from java.lang.String to org.apache.xpath.operations.String
Type mismatch: cannot convert from java.lang.String to org.apache.xpath.operations.String
Type mismatch: cannot convert from java.lang.String to org.apache.xpath.operations.String
Type mismatch: cannot convert from java.lang.String to org.apache.xpath.operations.String
Type mismatch: cannot convert from java.lang.String to org.apache.xpath.operations.String
Type mismatch: cannot convert from java.lang.String to org.apache.xpath.operations.String
Type mismatch: cannot convert from java.lang.String to org.apache.xpath.operations.String
Type mismatch: cannot convert from java.lang.String to org.apache.xpath.operations.String
Type mismatch: cannot convert from java.lang.String to org.apache.xpath.operations.String
Type mismatch: cannot convert from java.lang.String to org.apache.xpath.operations.String
Type mismatch: cannot convert from java.lang.String to org.apache.xpath.operations.String
Type mismatch: cannot convert from java.lang.String to org.apache.xpath.operations.String
Type mismatch: cannot convert from java.lang.String to org.apache.xpath.operations.String
Type mismatch: cannot convert from java.lang.String to org.apache.xpath.operations.String

at com.hrms.lib.Global.<init>(Global.java:18)
at com.hrms.lib.General.<init>(General.java:16)
at com.hrms.testscripts.TC002.tc002(TC002.java:12)
at java.base/java.util.ArrayList.forEach(ArrayList.java:1541)
... Removed 27 stack frames]]>
    </failure>
  </testcase> <!-- tc002 -->
  <testcase classname="com.hrms.testscripts.TC003" name="tc003" time="0.013">
    <failure type="java.lang.Error" message="Unresolved compilation problems: 
	Type mismatch: cannot convert from java.lang.String to org.apache.xpath.operations.String
	Type mismatch: cannot convert from java.lang.String to org.apache.xpath.operations.String
	Type mismatch: cannot convert from java.lang.String to org.apache.xpath.operations.String
	Type mismatch: cannot convert from java.lang.String to org.apache.xpath.operations.String
	Type mismatch: cannot convert from java.lang.String to org.apache.xpath.operations.String
	Type mismatch: cannot convert from java.lang.String to org.apache.xpath.operations.String
	Type mismatch: cannot convert from java.lang.String to org.apache.xpath.operations.String
	Type mismatch: cannot convert from java.lang.String to org.apache.xpath.operations.String
	Type mismatch: cannot convert from java.lang.String to org.apache.xpath.operations.String
	Type mismatch: cannot convert from java.lang.String to org.apache.xpath.operations.String
	Type mismatch: cannot convert from java.lang.String to org.apache.xpath.operations.String
	Type mismatch: cannot convert from java.lang.String to org.apache.xpath.operations.String
	Type mismatch: cannot convert from java.lang.String to org.apache.xpath.operations.String
	Type mismatch: cannot convert from java.lang.String to org.apache.xpath.operations.String
	Type mismatch: cannot convert from java.lang.String to org.apache.xpath.operations.String
	Type mismatch: cannot convert from java.lang.String to org.apache.xpath.operations.String
	Type mismatch: cannot convert from java.lang.String to org.apache.xpath.operations.String
	Type mismatch: cannot convert from java.lang.String to org.apache.xpath.operations.String
">
      <![CDATA[java.lang.Error: Unresolved compilation problems: 
Type mismatch: cannot convert from java.lang.String to org.apache.xpath.operations.String
Type mismatch: cannot convert from java.lang.String to org.apache.xpath.operations.String
Type mismatch: cannot convert from java.lang.String to org.apache.xpath.operations.String
Type mismatch: cannot convert from java.lang.String to org.apache.xpath.operations.String
Type mismatch: cannot convert from java.lang.String to org.apache.xpath.operations.String
Type mismatch: cannot convert from java.lang.String to org.apache.xpath.operations.String
Type mismatch: cannot convert from java.lang.String to org.apache.xpath.operations.String
Type mismatch: cannot convert from java.lang.String to org.apache.xpath.operations.String
Type mismatch: cannot convert from java.lang.String to org.apache.xpath.operations.String
Type mismatch: cannot convert from java.lang.String to org.apache.xpath.operations.String
Type mismatch: cannot convert from java.lang.String to org.apache.xpath.operations.String
Type mismatch: cannot convert from java.lang.String to org.apache.xpath.operations.String
Type mismatch: cannot convert from java.lang.String to org.apache.xpath.operations.String
Type mismatch: cannot convert from java.lang.String to org.apache.xpath.operations.String
Type mismatch: cannot convert from java.lang.String to org.apache.xpath.operations.String
Type mismatch: cannot convert from java.lang.String to org.apache.xpath.operations.String
Type mismatch: cannot convert from java.lang.String to org.apache.xpath.operations.String
Type mismatch: cannot convert from java.lang.String to org.apache.xpath.operations.String

at com.hrms.lib.Global.<init>(Global.java:18)
at com.hrms.lib.General.<init>(General.java:16)
at com.hrms.testscripts.TC003.tc003(TC003.java:12)
at java.base/java.util.ArrayList.forEach(ArrayList.java:1541)
... Removed 27 stack frames]]>
    </failure>
  </testcase> <!-- tc003 -->
  <testcase classname="com.hrms.testscripts.TC004" name="tc004" time="0.014">
    <failure type="java.lang.Error" message="Unresolved compilation problems: 
	Type mismatch: cannot convert from java.lang.String to org.apache.xpath.operations.String
	Type mismatch: cannot convert from java.lang.String to org.apache.xpath.operations.String
	Type mismatch: cannot convert from java.lang.String to org.apache.xpath.operations.String
	Type mismatch: cannot convert from java.lang.String to org.apache.xpath.operations.String
	Type mismatch: cannot convert from java.lang.String to org.apache.xpath.operations.String
	Type mismatch: cannot convert from java.lang.String to org.apache.xpath.operations.String
	Type mismatch: cannot convert from java.lang.String to org.apache.xpath.operations.String
	Type mismatch: cannot convert from java.lang.String to org.apache.xpath.operations.String
	Type mismatch: cannot convert from java.lang.String to org.apache.xpath.operations.String
	Type mismatch: cannot convert from java.lang.String to org.apache.xpath.operations.String
	Type mismatch: cannot convert from java.lang.String to org.apache.xpath.operations.String
	Type mismatch: cannot convert from java.lang.String to org.apache.xpath.operations.String
	Type mismatch: cannot convert from java.lang.String to org.apache.xpath.operations.String
	Type mismatch: cannot convert from java.lang.String to org.apache.xpath.operations.String
	Type mismatch: cannot convert from java.lang.String to org.apache.xpath.operations.String
	Type mismatch: cannot convert from java.lang.String to org.apache.xpath.operations.String
	Type mismatch: cannot convert from java.lang.String to org.apache.xpath.operations.String
	Type mismatch: cannot convert from java.lang.String to org.apache.xpath.operations.String
">
      <![CDATA[java.lang.Error: Unresolved compilation problems: 
Type mismatch: cannot convert from java.lang.String to org.apache.xpath.operations.String
Type mismatch: cannot convert from java.lang.String to org.apache.xpath.operations.String
Type mismatch: cannot convert from java.lang.String to org.apache.xpath.operations.String
Type mismatch: cannot convert from java.lang.String to org.apache.xpath.operations.String
Type mismatch: cannot convert from java.lang.String to org.apache.xpath.operations.String
Type mismatch: cannot convert from java.lang.String to org.apache.xpath.operations.String
Type mismatch: cannot convert from java.lang.String to org.apache.xpath.operations.String
Type mismatch: cannot convert from java.lang.String to org.apache.xpath.operations.String
Type mismatch: cannot convert from java.lang.String to org.apache.xpath.operations.String
Type mismatch: cannot convert from java.lang.String to org.apache.xpath.operations.String
Type mismatch: cannot convert from java.lang.String to org.apache.xpath.operations.String
Type mismatch: cannot convert from java.lang.String to org.apache.xpath.operations.String
Type mismatch: cannot convert from java.lang.String to org.apache.xpath.operations.String
Type mismatch: cannot convert from java.lang.String to org.apache.xpath.operations.String
Type mismatch: cannot convert from java.lang.String to org.apache.xpath.operations.String
Type mismatch: cannot convert from java.lang.String to org.apache.xpath.operations.String
Type mismatch: cannot convert from java.lang.String to org.apache.xpath.operations.String
Type mismatch: cannot convert from java.lang.String to org.apache.xpath.operations.String

at com.hrms.lib.Global.<init>(Global.java:18)
at com.hrms.lib.General.<init>(General.java:16)
at com.hrms.testscripts.TC004.tc004(TC004.java:12)
at java.base/java.util.ArrayList.forEach(ArrayList.java:1541)
... Removed 27 stack frames]]>
    </failure>
  </testcase> <!-- tc004 -->
</testsuite> <!-- Regression1 -->
