<?xml version="1.0" encoding="UTF-8"?>
<testng-results ignored="0" total="1" passed="1" failed="0" skipped="0">
  <reporter-output>
    <line>
      <![CDATA[Edit Emp Sucessful.]]>
    </line>
  </reporter-output>
  <suite started-at="2021-12-03T01:16:36 IST" name="Default suite" finished-at="2021-12-03T01:16:48 IST" duration-ms="11656">
    <groups>
    </groups>
    <test started-at="2021-12-03T01:16:36 IST" name="Default test" finished-at="2021-12-03T01:16:48 IST" duration-ms="11656">
      <class name="com.hrms.testscripts.TC003">
        <test-method signature="tc003()[pri:0, instance:com.hrms.testscripts.TC003@1a482e36]" started-at="2021-12-03T01:16:36 IST" name="tc003" finished-at="2021-12-03T01:16:48 IST" duration-ms="11602" status="PASS">
          <reporter-output>
            <line>
              <![CDATA[Edit Emp Sucessful.]]>
            </line>
          </reporter-output>
        </test-method> <!-- tc003 -->
      </class> <!-- com.hrms.testscripts.TC003 -->
    </test> <!-- Default test -->
  </suite> <!-- Default suite -->
</testng-results>
