<?xml version="1.0" encoding="UTF-8"?>
<!-- Generated by org.testng.reporters.JUnitXMLReporter -->
<testsuite hostname="Ashutosh" failures="0" tests="6" name="Regression1" time="292.026" errors="0" timestamp="15 Feb 2022 05:56:20 GMT">
  <testcase classname="com.oibk.testscripts.TC001_Admin_Login_Logout" name="TC001" time="56.012"/>
  <testcase classname="com.oibk.testscripts.TC002_Welcome_Text_on_AdminPage" name="TC002" time="47.223"/>
  <testcase classname="com.oibk.testscripts.TC003_Register_Branches" name="TC003" time="44.915"/>
  <testcase classname="com.oibk.testscripts.TC004_Employee_Registeration" name="TC004" time="49.187"/>
  <testcase classname="com.oibk.testscripts.TC005_Employee_Login_Logout" name="TC005" time="44.278"/>
  <testcase classname="com.oibk.testscripts.TC006_Customer_Registeration" name="TC006" time="50.38"/>
</testsuite> <!-- Regression1 -->
